ays-provider/build/app/intermediates/manifest_merge_blame_file/release/manifest-merger-blame-release-report.txt
1<?xml version="1.0" encoding="utf-8"?>
2<manifest xmlns:android="http://schemas.android.com/apk/res/android"
3    package="com.iqonic.provider"
4    android:versionCode="43"
5    android:versionName="7.15.0" >
6
7    <uses-sdk
8        android:minSdkVersion="21"
8-->src\main\AndroidManifest.xml
9        android:targetSdkVersion="33" />
9-->src\main\AndroidManifest.xml
10
11    <uses-permission android:name="android.permission.INTERNET" />
11-->src\main\AndroidManifest.xml:5:5-67
11-->src\main\AndroidManifest.xml:5:22-64
12    <uses-permission android:name="android.permission.WRITE_EXTERNAL_STORAGE" />
12-->src\main\AndroidManifest.xml:6:5-80
12-->src\main\AndroidManifest.xml:6:22-78
13    <uses-permission android:name="android.permission.READ_EXTERNAL_STORAGE" />
13-->src\main\AndroidManifest.xml:7:5-79
13-->src\main\AndroidManifest.xml:7:22-77
14    <uses-permission android:name="android.permission.ACCESS_FINE_LOCATION" />
14-->src\main\AndroidManifest.xml:8:5-79
14-->src\main\AndroidManifest.xml:8:22-76
15    <uses-permission android:name="android.permission.ACCESS_COARSE_LOCATION" />
15-->src\main\AndroidManifest.xml:9:5-81
15-->src\main\AndroidManifest.xml:9:22-78
16    <uses-permission android:name="android.permission.POST_NOTIFICATIONS" />
16-->src\main\AndroidManifest.xml:10:5-76
16-->src\main\AndroidManifest.xml:10:22-74
17
18    <queries>
18-->src\main\AndroidManifest.xml:12:5-21:15
19        <intent>
19-->src\main\AndroidManifest.xml:13:9-16:18
20            <action android:name="android.intent.action.VIEW" />
20-->src\main\AndroidManifest.xml:14:13-65
20-->src\main\AndroidManifest.xml:14:21-62
21
22            <data android:scheme="https" />
22-->src\main\AndroidManifest.xml:15:13-44
22-->src\main\AndroidManifest.xml:15:19-41
23        </intent>
24true
25        <intent>
25-->src\main\AndroidManifest.xml:17:9-20:18
26            <action android:name="android.intent.action.SEND" />
26-->src\main\AndroidManifest.xml:18:13-65
26-->src\main\AndroidManifest.xml:18:21-62
27
28            <data android:mimeType="*/*" />
28-->src\main\AndroidManifest.xml:15:13-44
28-->src\main\AndroidManifest.xml:19:19-41
29        </intent>
30        <intent>
30-->[:file_picker] AndroidManifest.xml:12:9-16:18
31            <action android:name="android.intent.action.GET_CONTENT" />
31-->[:file_picker] AndroidManifest.xml:13:13-72
31-->[:file_picker] AndroidManifest.xml:13:21-69
32
33            <data android:mimeType="*/*" />
33-->src\main\AndroidManifest.xml:15:13-44
33-->src\main\AndroidManifest.xml:19:19-41
34        </intent>
35        <intent>
35-->[:flutter_inappwebview] AndroidManifest.xml:10:9-12:18
36            <action android:name="android.support.customtabs.action.CustomTabsService" />
36-->[:flutter_inappwebview] AndroidManifest.xml:11:13-90
36-->[:flutter_inappwebview] AndroidManifest.xml:11:21-87
37        </intent>
38        <intent>
38-->[com.razorpay:checkout:1.6.30] AndroidManifest.xml:11:9-17:18
39            <action android:name="android.intent.action.VIEW" />
39-->src\main\AndroidManifest.xml:14:13-65
39-->src\main\AndroidManifest.xml:14:21-62
40
41            <data
41-->src\main\AndroidManifest.xml:15:13-44
42                android:mimeType="*/*"
42-->src\main\AndroidManifest.xml:19:19-41
43                android:scheme="*" />
43-->src\main\AndroidManifest.xml:15:19-41
44        </intent>
45        <intent>
45-->[com.razorpay:checkout:1.6.30] AndroidManifest.xml:18:9-27:18
46            <action android:name="android.intent.action.VIEW" />
46-->src\main\AndroidManifest.xml:14:13-65
46-->src\main\AndroidManifest.xml:14:21-62
47
48            <category android:name="android.intent.category.BROWSABLE" />
48-->[com.razorpay:checkout:1.6.30] AndroidManifest.xml:21:13-74
48-->[com.razorpay:checkout:1.6.30] AndroidManifest.xml:21:23-71
49
50            <data
50-->src\main\AndroidManifest.xml:15:13-44
51                android:host="pay"
52                android:mimeType="*/*"
52-->src\main\AndroidManifest.xml:19:19-41
53                android:scheme="upi" />
53-->src\main\AndroidManifest.xml:15:19-41
54        </intent>
55        <intent>
55-->[com.razorpay:checkout:1.6.30] AndroidManifest.xml:28:9-30:18
56            <action android:name="android.intent.action.MAIN" />
56-->src\main\AndroidManifest.xml:56:17-68
56-->src\main\AndroidManifest.xml:56:25-66
57        </intent>
58        <intent>
58-->[com.razorpay:checkout:1.6.30] AndroidManifest.xml:36:9-38:18
59            <action android:name="rzp.device_token.share" />
59-->[com.razorpay:checkout:1.6.30] AndroidManifest.xml:37:13-61
59-->[com.razorpay:checkout:1.6.30] AndroidManifest.xml:37:21-58
60        </intent> <!-- Added to check if Chrome is installed for browser-based payment authentication (e.g. 3DS1). -->
61        <package android:name="com.android.chrome" /> <!-- Added to check the default browser that will host the AuthFlow. -->
61-->[com.stripe:payments-core:20.19.5] AndroidManifest.xml:11:9-54
61-->[com.stripe:payments-core:20.19.5] AndroidManifest.xml:11:18-51
62        <intent>
62-->[com.stripe:financial-connections:20.19.5] AndroidManifest.xml:13:9-17:18
63            <action android:name="android.intent.action.VIEW" />
63-->src\main\AndroidManifest.xml:14:13-65
63-->src\main\AndroidManifest.xml:14:21-62
64
65            <data android:scheme="http" />
65-->src\main\AndroidManifest.xml:15:13-44
65-->src\main\AndroidManifest.xml:15:19-41
66        </intent> <!-- Needs to be explicitly declared on Android R+ -->
67        <package android:name="com.google.android.apps.maps" />
67-->[com.google.android.gms:play-services-maps:18.0.2] AndroidManifest.xml:33:9-64
67-->[com.google.android.gms:play-services-maps:18.0.2] AndroidManifest.xml:33:18-61
68    </queries>
69
70    <uses-permission android:name="android.permission.ACCESS_NETWORK_STATE" /> <!-- Create a unique permission for your app and use it so only your app can receive your OneSignal messages. -->
70-->[:nb_utils] AndroidManifest.xml:10:5-79
70-->[:nb_utils] AndroidManifest.xml:10:22-76
71    <permission
71-->[com.onesignal:OneSignal:4.8.2] AndroidManifest.xml:7:5-9:47
72        android:name="com.iqonic.provider.permission.C2D_MESSAGE"
72-->[com.onesignal:OneSignal:4.8.2] AndroidManifest.xml:8:9-63
73        android:protectionLevel="signature" />
73-->[com.onesignal:OneSignal:4.8.2] AndroidManifest.xml:9:9-44
74
75    <uses-permission android:name="com.iqonic.provider.permission.C2D_MESSAGE" /> <!-- c2dm RECEIVE are basic requirements for push messages through Google's FCM -->
75-->[com.onesignal:OneSignal:4.8.2] AndroidManifest.xml:11:5-79
75-->[com.onesignal:OneSignal:4.8.2] AndroidManifest.xml:11:22-76
76    <uses-permission android:name="com.google.android.c2dm.permission.RECEIVE" /> <!-- Required, makes sure notifications are delivered on time. -->
76-->[com.onesignal:OneSignal:4.8.2] AndroidManifest.xml:18:5-82
76-->[com.onesignal:OneSignal:4.8.2] AndroidManifest.xml:18:22-79
77    <uses-permission android:name="android.permission.WAKE_LOCK" />
77-->[com.onesignal:OneSignal:4.8.2] AndroidManifest.xml:19:5-68
77-->[com.onesignal:OneSignal:4.8.2] AndroidManifest.xml:19:22-65
78    <!--
79 Required so the device vibrates on receiving a push notification.
80         Vibration settings of the device still apply.
81    -->
82    <uses-permission android:name="android.permission.VIBRATE" />
82-->[com.onesignal:OneSignal:4.8.2] AndroidManifest.xml:24:5-66
82-->[com.onesignal:OneSignal:4.8.2] AndroidManifest.xml:24:22-63
83    <!--
84 Use to restore notifications the user hasn't interacted with.
85         They could be missed notifications if the user reboots their device if this isn't in place.
86    -->
87    <uses-permission android:name="android.permission.RECEIVE_BOOT_COMPLETED" /> <!-- START: ShortcutBadger -->
87-->[com.onesignal:OneSignal:4.8.2] AndroidManifest.xml:30:5-81
87-->[com.onesignal:OneSignal:4.8.2] AndroidManifest.xml:30:22-78
88    <!-- Samsung -->
89    <uses-permission android:name="com.sec.android.provider.badge.permission.READ" />
89-->[com.onesignal:OneSignal:4.8.2] AndroidManifest.xml:32:5-86
89-->[com.onesignal:OneSignal:4.8.2] AndroidManifest.xml:32:22-83
90    <uses-permission android:name="com.sec.android.provider.badge.permission.WRITE" /> <!-- HTC -->
90-->[com.onesignal:OneSignal:4.8.2] AndroidManifest.xml:33:5-87
90-->[com.onesignal:OneSignal:4.8.2] AndroidManifest.xml:33:22-84
91    <uses-permission android:name="com.htc.launcher.permission.READ_SETTINGS" />
91-->[com.onesignal:OneSignal:4.8.2] AndroidManifest.xml:34:5-81
91-->[com.onesignal:OneSignal:4.8.2] AndroidManifest.xml:34:22-78
92    <uses-permission android:name="com.htc.launcher.permission.UPDATE_SHORTCUT" /> <!-- Sony -->
92-->[com.onesignal:OneSignal:4.8.2] AndroidManifest.xml:35:5-83
92-->[com.onesignal:OneSignal:4.8.2] AndroidManifest.xml:35:22-80
93    <uses-permission android:name="com.sonyericsson.home.permission.BROADCAST_BADGE" />
93-->[com.onesignal:OneSignal:4.8.2] AndroidManifest.xml:36:5-88
93-->[com.onesignal:OneSignal:4.8.2] AndroidManifest.xml:36:22-85
94    <uses-permission android:name="com.sonymobile.home.permission.PROVIDER_INSERT_BADGE" /> <!-- Apex -->
94-->[com.onesignal:OneSignal:4.8.2] AndroidManifest.xml:37:5-92
94-->[com.onesignal:OneSignal:4.8.2] AndroidManifest.xml:37:22-89
95    <uses-permission android:name="com.anddoes.launcher.permission.UPDATE_COUNT" /> <!-- Solid -->
95-->[com.onesignal:OneSignal:4.8.2] AndroidManifest.xml:38:5-84
95-->[com.onesignal:OneSignal:4.8.2] AndroidManifest.xml:38:22-81
96    <uses-permission android:name="com.majeur.launcher.permission.UPDATE_BADGE" /> <!-- Huawei -->
96-->[com.onesignal:OneSignal:4.8.2] AndroidManifest.xml:39:5-83
96-->[com.onesignal:OneSignal:4.8.2] AndroidManifest.xml:39:22-80
97    <uses-permission android:name="com.huawei.android.launcher.permission.CHANGE_BADGE" />
97-->[com.onesignal:OneSignal:4.8.2] AndroidManifest.xml:40:5-91
97-->[com.onesignal:OneSignal:4.8.2] AndroidManifest.xml:40:22-88
98    <uses-permission android:name="com.huawei.android.launcher.permission.READ_SETTINGS" />
98-->[com.onesignal:OneSignal:4.8.2] AndroidManifest.xml:41:5-92
98-->[com.onesignal:OneSignal:4.8.2] AndroidManifest.xml:41:22-89
99    <uses-permission android:name="com.huawei.android.launcher.permission.WRITE_SETTINGS" /> <!-- ZUK -->
99-->[com.onesignal:OneSignal:4.8.2] AndroidManifest.xml:42:5-93
99-->[com.onesignal:OneSignal:4.8.2] AndroidManifest.xml:42:22-90
100    <uses-permission android:name="android.permission.READ_APP_BADGE" /> <!-- OPPO -->
100-->[com.onesignal:OneSignal:4.8.2] AndroidManifest.xml:43:5-73
100-->[com.onesignal:OneSignal:4.8.2] AndroidManifest.xml:43:22-70
101    <uses-permission android:name="com.oppo.launcher.permission.READ_SETTINGS" />
101-->[com.onesignal:OneSignal:4.8.2] AndroidManifest.xml:44:5-82
101-->[com.onesignal:OneSignal:4.8.2] AndroidManifest.xml:44:22-79
102    <uses-permission android:name="com.oppo.launcher.permission.WRITE_SETTINGS" /> <!-- EvMe -->
102-->[com.onesignal:OneSignal:4.8.2] AndroidManifest.xml:45:5-83
102-->[com.onesignal:OneSignal:4.8.2] AndroidManifest.xml:45:22-80
103    <uses-permission android:name="me.everything.badger.permission.BADGE_COUNT_READ" />
103-->[com.onesignal:OneSignal:4.8.2] AndroidManifest.xml:46:5-88
103-->[com.onesignal:OneSignal:4.8.2] AndroidManifest.xml:46:22-85
104    <uses-permission android:name="me.everything.badger.permission.BADGE_COUNT_WRITE" />
104-->[com.onesignal:OneSignal:4.8.2] AndroidManifest.xml:47:5-89
104-->[com.onesignal:OneSignal:4.8.2] AndroidManifest.xml:47:22-86
105    <uses-permission android:name="com.google.android.gms.permission.AD_ID" />
105-->[com.google.android.gms:play-services-measurement-api:21.2.1] AndroidManifest.xml:25:5-79
105-->[com.google.android.gms:play-services-measurement-api:21.2.1] AndroidManifest.xml:25:22-76
106    <uses-permission android:name="com.google.android.finsky.permission.BIND_GET_INSTALL_REFERRER_SERVICE" />
106-->[com.google.android.gms:play-services-measurement:21.2.1] AndroidManifest.xml:26:5-110
106-->[com.google.android.gms:play-services-measurement:21.2.1] AndroidManifest.xml:26:22-107
107
108    <uses-feature
108-->[com.google.android.gms:play-services-maps:18.0.2] AndroidManifest.xml:26:5-28:35
109        android:glEsVersion="0x00020000"
109-->[com.google.android.gms:play-services-maps:18.0.2] AndroidManifest.xml:27:9-41
110        android:required="true" />
110-->[com.google.android.gms:play-services-maps:18.0.2] AndroidManifest.xml:28:9-32
111
112    <uses-permission android:name="android.permission.FOREGROUND_SERVICE" />
112-->[androidx.work:work-runtime:2.7.1] AndroidManifest.xml:28:5-77
112-->[androidx.work:work-runtime:2.7.1] AndroidManifest.xml:28:22-74
113
114    <permission
114-->[androidx.core:core:1.9.0] AndroidManifest.xml:22:5-24:47
115        android:name="com.iqonic.provider.DYNAMIC_RECEIVER_NOT_EXPORTED_PERMISSION"
115-->[androidx.core:core:1.9.0] AndroidManifest.xml:23:9-81
116        android:protectionLevel="signature" />
116-->[androidx.core:core:1.9.0] AndroidManifest.xml:24:9-44
117
118    <uses-permission android:name="com.iqonic.provider.DYNAMIC_RECEIVER_NOT_EXPORTED_PERMISSION" />
118-->[androidx.core:core:1.9.0] AndroidManifest.xml:26:5-97
118-->[androidx.core:core:1.9.0] AndroidManifest.xml:26:22-94
119
120    <application
120-->src\main\AndroidManifest.xml:22:4-82:19
121        android:appComponentFactory="androidx.core.app.CoreComponentFactory"
121-->[androidx.core:core:1.9.0] AndroidManifest.xml:28:18-86
122        android:icon="@mipmap/ic_launcher"
122-->src\main\AndroidManifest.xml:24:9-43
123        android:label="AYS Provider" >
123-->src\main\AndroidManifest.xml:23:9-37
124        <activity
124-->src\main\AndroidManifest.xml:26:9-60:20
125            android:name="com.iqonic.provider.MainActivity"
125-->src\main\AndroidManifest.xml:27:13-41
126            android:configChanges="orientation|keyboardHidden|keyboard|screenSize|smallestScreenSize|locale|layoutDirection|fontScale|screenLayout|density|uiMode"
126-->src\main\AndroidManifest.xml:30:13-163
127            android:exported="true"
127-->src\main\AndroidManifest.xml:32:13-36
128            android:hardwareAccelerated="true"
128-->src\main\AndroidManifest.xml:31:13-47
129            android:launchMode="singleTop"
129-->src\main\AndroidManifest.xml:28:13-43
130            android:theme="@style/LaunchTheme"
130-->src\main\AndroidManifest.xml:29:13-47
131            android:windowSoftInputMode="adjustResize" >
131-->src\main\AndroidManifest.xml:33:13-55
132
133            <!--
134                 Specifies an Android theme to apply to this Activity as soon as
135                 the Android process has started. This theme is visible to the user
136                 while the Flutter UI initializes. After that, this theme continues
137                 to determine the Window background behind the Flutter UI.
138            -->
139            <meta-data
139-->src\main\AndroidManifest.xml:38:13-41:17
140                android:name="io.flutter.embedding.android.NormalTheme"
140-->src\main\AndroidManifest.xml:39:15-70
141                android:resource="@style/NormalTheme" />
141-->src\main\AndroidManifest.xml:40:15-52
142            <meta-data
142-->src\main\AndroidManifest.xml:42:13-44:74
143                android:name="com.google.firebase.messaging.default_notification_icon"
143-->src\main\AndroidManifest.xml:43:17-87
144                android:resource="@drawable/ic_stat_onesignal_default" />
144-->src\main\AndroidManifest.xml:44:17-71
145            <!--
146                 Displays an Android View that continues showing the launch screen
147                 Drawable until Flutter paints its first frame, then this splash
148                 screen fades out. A splash screen is useful to avoid any visual
149                 gap between the end of Android's launch screen and the painting of
150                 Flutter's first frame.
151            -->
152            <meta-data
152-->src\main\AndroidManifest.xml:50:13-53:17
153                android:name="io.flutter.embedding.android.SplashScreenDrawable"
153-->src\main\AndroidManifest.xml:51:15-79
154                android:resource="@drawable/launch_background" />
154-->src\main\AndroidManifest.xml:52:15-61
155
156            <intent-filter>
156-->src\main\AndroidManifest.xml:55:13-58:29
157                <action android:name="android.intent.action.MAIN" />
157-->src\main\AndroidManifest.xml:56:17-68
157-->src\main\AndroidManifest.xml:56:25-66
158
159                <category android:name="android.intent.category.LAUNCHER" />
159-->src\main\AndroidManifest.xml:57:17-76
159-->src\main\AndroidManifest.xml:57:27-74
160            </intent-filter>
161        </activity>
162        <!--
163       <activity
164           android:name="com.braintreepayments.api.BraintreeBrowserSwitchActivity"
165           android:exported="false"
166           android:launchMode="singleTask"
167           tools:ignore="AppLinkUrlError">
168           <intent-filter>
169               <action android:name="android.intent.action.VIEW" />
170
171               <category android:name="android.intent.category.DEFAULT" />
172               <category android:name="android.intent.category.BROWSABLE" />
173
174               <data android:scheme="${applicationId}.braintree" />
175           </intent-filter>
176       </activity>
177        -->
178
179
180        <!--
181            Don't delete the meta-data below.
182            This is used by the Flutter tool to generate GeneratedPluginRegistrant.java
183        -->
184
185        <meta-data
185-->src\main\AndroidManifest.xml:79:9-81:33
186            android:name="flutterEmbedding"
186-->src\main\AndroidManifest.xml:80:13-44
187            android:value="2" />
187-->src\main\AndroidManifest.xml:81:13-30
188
189        <service
189-->[:firebase_database] AndroidManifest.xml:10:9-14:19
190            android:name="com.google.firebase.components.ComponentDiscoveryService"
190-->[:firebase_database] AndroidManifest.xml:10:18-89
191            android:directBootAware="true"
191-->[com.google.firebase:firebase-common:20.3.2] AndroidManifest.xml:34:13-43
192            android:exported="false" >
192-->[com.google.firebase:firebase-auth:21.2.0] AndroidManifest.xml:68:13-37
193            <meta-data
193-->[:firebase_database] AndroidManifest.xml:11:13-13:85
194                android:name="com.google.firebase.components:io.flutter.plugins.firebase.database.FlutterFirebaseAppRegistrar"
194-->[:firebase_database] AndroidManifest.xml:12:17-127
195                android:value="com.google.firebase.components.ComponentRegistrar" />
195-->[:firebase_database] AndroidManifest.xml:13:17-82
196            <meta-data
196-->[:firebase_crashlytics] AndroidManifest.xml:11:13-13:85
197                android:name="com.google.firebase.components:io.flutter.plugins.firebase.crashlytics.FlutterFirebaseAppRegistrar"
197-->[:firebase_crashlytics] AndroidManifest.xml:12:17-130
198                android:value="com.google.firebase.components.ComponentRegistrar" />
198-->[:firebase_crashlytics] AndroidManifest.xml:13:17-82
199            <meta-data
199-->[:cloud_firestore] AndroidManifest.xml:11:13-13:85
200                android:name="com.google.firebase.components:io.flutter.plugins.firebase.firestore.FlutterFirebaseFirestoreRegistrar"
200-->[:cloud_firestore] AndroidManifest.xml:12:17-134
201                android:value="com.google.firebase.components.ComponentRegistrar" />
201-->[:cloud_firestore] AndroidManifest.xml:13:17-82
202            <meta-data
202-->[:firebase_auth] AndroidManifest.xml:11:13-13:85
203                android:name="com.google.firebase.components:io.flutter.plugins.firebase.auth.FlutterFirebaseAuthRegistrar"
203-->[:firebase_auth] AndroidManifest.xml:12:17-124
204                android:value="com.google.firebase.components.ComponentRegistrar" />
204-->[:firebase_auth] AndroidManifest.xml:13:17-82
205            <meta-data
205-->[:firebase_remote_config] AndroidManifest.xml:11:13-13:85
206                android:name="com.google.firebase.components:io.flutter.plugins.firebase.firebaseremoteconfig.FlutterFirebaseAppRegistrar"
206-->[:firebase_remote_config] AndroidManifest.xml:12:17-139
207                android:value="com.google.firebase.components.ComponentRegistrar" />
207-->[:firebase_remote_config] AndroidManifest.xml:13:17-82
208            <meta-data
208-->[:firebase_storage] AndroidManifest.xml:11:13-13:85
209                android:name="com.google.firebase.components:io.flutter.plugins.firebase.storage.FlutterFirebaseAppRegistrar"
209-->[:firebase_storage] AndroidManifest.xml:12:17-126
210                android:value="com.google.firebase.components.ComponentRegistrar" />
210-->[:firebase_storage] AndroidManifest.xml:13:17-82
211            <meta-data
211-->[:firebase_core] AndroidManifest.xml:11:13-13:85
212                android:name="com.google.firebase.components:io.flutter.plugins.firebase.core.FlutterFirebaseCoreRegistrar"
212-->[:firebase_core] AndroidManifest.xml:12:17-124
213                android:value="com.google.firebase.components.ComponentRegistrar" />
213-->[:firebase_core] AndroidManifest.xml:13:17-82
214            <meta-data
214-->[com.google.firebase:firebase-auth:21.2.0] AndroidManifest.xml:69:13-71:85
215                android:name="com.google.firebase.components:com.google.firebase.auth.FirebaseAuthRegistrar"
215-->[com.google.firebase:firebase-auth:21.2.0] AndroidManifest.xml:70:17-109
216                android:value="com.google.firebase.components.ComponentRegistrar" />
216-->[com.google.firebase:firebase-auth:21.2.0] AndroidManifest.xml:71:17-82
217            <meta-data
217-->[com.google.firebase:firebase-database:20.1.0] AndroidManifest.xml:31:13-33:85
218                android:name="com.google.firebase.components:com.google.firebase.database.DatabaseRegistrar"
218-->[com.google.firebase:firebase-database:20.1.0] AndroidManifest.xml:32:17-109
219                android:value="com.google.firebase.components.ComponentRegistrar" />
219-->[com.google.firebase:firebase-database:20.1.0] AndroidManifest.xml:33:17-82
220            <meta-data
220-->[com.google.firebase:firebase-crashlytics:18.3.6] AndroidManifest.xml:17:13-19:85
221                android:name="com.google.firebase.components:com.google.firebase.crashlytics.CrashlyticsRegistrar"
221-->[com.google.firebase:firebase-crashlytics:18.3.6] AndroidManifest.xml:18:17-115
222                android:value="com.google.firebase.components.ComponentRegistrar" />
222-->[com.google.firebase:firebase-crashlytics:18.3.6] AndroidManifest.xml:19:17-82
223            <meta-data
223-->[com.google.firebase:firebase-firestore:24.4.5] AndroidManifest.xml:19:13-21:85
224                android:name="com.google.firebase.components:com.google.firebase.firestore.FirestoreRegistrar"
224-->[com.google.firebase:firebase-firestore:24.4.5] AndroidManifest.xml:20:17-111
225                android:value="com.google.firebase.components.ComponentRegistrar" />
225-->[com.google.firebase:firebase-firestore:24.4.5] AndroidManifest.xml:21:17-82
226            <meta-data
226-->[com.google.firebase:firebase-config:21.3.0] AndroidManifest.xml:31:13-33:85
227                android:name="com.google.firebase.components:com.google.firebase.remoteconfig.RemoteConfigRegistrar"
227-->[com.google.firebase:firebase-config:21.3.0] AndroidManifest.xml:32:17-117
228                android:value="com.google.firebase.components.ComponentRegistrar" />
228-->[com.google.firebase:firebase-config:21.3.0] AndroidManifest.xml:33:17-82
229            <meta-data
229-->[com.google.firebase:firebase-storage:20.1.0] AndroidManifest.xml:32:13-34:85
230                android:name="com.google.firebase.components:com.google.firebase.storage.StorageRegistrar"
230-->[com.google.firebase:firebase-storage:20.1.0] AndroidManifest.xml:33:17-107
231                android:value="com.google.firebase.components.ComponentRegistrar" />
231-->[com.google.firebase:firebase-storage:20.1.0] AndroidManifest.xml:34:17-82
232            <meta-data
232-->[com.google.android.gms:play-services-measurement-api:21.2.1] AndroidManifest.xml:31:13-33:85
233                android:name="com.google.firebase.components:com.google.firebase.analytics.connector.internal.AnalyticsConnectorRegistrar"
233-->[com.google.android.gms:play-services-measurement-api:21.2.1] AndroidManifest.xml:32:17-139
234                android:value="com.google.firebase.components.ComponentRegistrar" />
234-->[com.google.android.gms:play-services-measurement-api:21.2.1] AndroidManifest.xml:33:17-82
235            <meta-data
235-->[com.google.firebase:firebase-messaging:23.1.2] AndroidManifest.xml:55:13-57:85
236                android:name="com.google.firebase.components:com.google.firebase.messaging.FirebaseMessagingRegistrar"
236-->[com.google.firebase:firebase-messaging:23.1.2] AndroidManifest.xml:56:17-119
237                android:value="com.google.firebase.components.ComponentRegistrar" />
237-->[com.google.firebase:firebase-messaging:23.1.2] AndroidManifest.xml:57:17-82
238            <meta-data
238-->[com.google.firebase:firebase-installations:17.1.3] AndroidManifest.xml:17:13-19:85
239                android:name="com.google.firebase.components:com.google.firebase.installations.FirebaseInstallationsRegistrar"
239-->[com.google.firebase:firebase-installations:17.1.3] AndroidManifest.xml:18:17-127
240                android:value="com.google.firebase.components.ComponentRegistrar" />
240-->[com.google.firebase:firebase-installations:17.1.3] AndroidManifest.xml:19:17-82
241            <meta-data
241-->[com.google.firebase:firebase-abt:21.1.1] AndroidManifest.xml:12:13-14:85
242                android:name="com.google.firebase.components:com.google.firebase.abt.component.AbtRegistrar"
242-->[com.google.firebase:firebase-abt:21.1.1] AndroidManifest.xml:13:17-109
243                android:value="com.google.firebase.components.ComponentRegistrar" />
243-->[com.google.firebase:firebase-abt:21.1.1] AndroidManifest.xml:14:17-82
244            <meta-data
244-->[com.google.firebase:firebase-datatransport:18.1.7] AndroidManifest.xml:27:13-29:85
245                android:name="com.google.firebase.components:com.google.firebase.datatransport.TransportRegistrar"
245-->[com.google.firebase:firebase-datatransport:18.1.7] AndroidManifest.xml:28:17-115
246                android:value="com.google.firebase.components.ComponentRegistrar" />
246-->[com.google.firebase:firebase-datatransport:18.1.7] AndroidManifest.xml:29:17-82
247        </service>
248
249        <activity
249-->[:flutter_inappwebview] AndroidManifest.xml:16:9-20:47
250            android:name="com.pichillilorenzo.flutter_inappwebview.in_app_browser.InAppBrowserActivity"
250-->[:flutter_inappwebview] AndroidManifest.xml:17:13-104
251            android:configChanges="orientation|keyboardHidden|keyboard|screenSize|locale|layoutDirection|fontScale|screenLayout|density"
251-->[:flutter_inappwebview] AndroidManifest.xml:18:13-137
252            android:exported="false"
252-->[:flutter_inappwebview] AndroidManifest.xml:19:13-37
253            android:theme="@style/AppTheme" />
253-->[:flutter_inappwebview] AndroidManifest.xml:20:13-44
254        <activity
254-->[:flutter_inappwebview] AndroidManifest.xml:21:9-24:55
255            android:name="com.pichillilorenzo.flutter_inappwebview.chrome_custom_tabs.ChromeCustomTabsActivity"
255-->[:flutter_inappwebview] AndroidManifest.xml:22:13-112
256            android:exported="false"
256-->[:flutter_inappwebview] AndroidManifest.xml:23:13-37
257            android:theme="@style/ThemeTransparent" />
257-->[:flutter_inappwebview] AndroidManifest.xml:24:13-52
258        <activity
258-->[:flutter_inappwebview] AndroidManifest.xml:25:9-28:55
259            android:name="com.pichillilorenzo.flutter_inappwebview.chrome_custom_tabs.TrustedWebActivity"
259-->[:flutter_inappwebview] AndroidManifest.xml:26:13-106
260            android:exported="false"
260-->[:flutter_inappwebview] AndroidManifest.xml:27:13-37
261            android:theme="@style/ThemeTransparent" />
261-->[:flutter_inappwebview] AndroidManifest.xml:28:13-52
262        <activity
262-->[:flutter_inappwebview] AndroidManifest.xml:29:9-33:55
263            android:name="com.pichillilorenzo.flutter_inappwebview.chrome_custom_tabs.ChromeCustomTabsActivitySingleInstance"
263-->[:flutter_inappwebview] AndroidManifest.xml:30:13-126
264            android:exported="false"
264-->[:flutter_inappwebview] AndroidManifest.xml:31:13-37
265            android:launchMode="singleInstance"
265-->[:flutter_inappwebview] AndroidManifest.xml:32:13-48
266            android:theme="@style/ThemeTransparent" />
266-->[:flutter_inappwebview] AndroidManifest.xml:33:13-52
267        <activity
267-->[:flutter_inappwebview] AndroidManifest.xml:34:9-38:55
268            android:name="com.pichillilorenzo.flutter_inappwebview.chrome_custom_tabs.TrustedWebActivitySingleInstance"
268-->[:flutter_inappwebview] AndroidManifest.xml:35:13-120
269            android:exported="false"
269-->[:flutter_inappwebview] AndroidManifest.xml:36:13-37
270            android:launchMode="singleInstance"
270-->[:flutter_inappwebview] AndroidManifest.xml:37:13-48
271            android:theme="@style/ThemeTransparent" />
271-->[:flutter_inappwebview] AndroidManifest.xml:38:13-52
272
273        <receiver
273-->[:flutter_inappwebview] AndroidManifest.xml:40:9-43:40
274            android:name="com.pichillilorenzo.flutter_inappwebview.chrome_custom_tabs.ActionBroadcastReceiver"
274-->[:flutter_inappwebview] AndroidManifest.xml:41:13-111
275            android:enabled="true"
275-->[:flutter_inappwebview] AndroidManifest.xml:42:13-35
276            android:exported="false" />
276-->[:flutter_inappwebview] AndroidManifest.xml:43:13-37
277
278        <meta-data
278-->[:flutter_inappwebview] AndroidManifest.xml:45:9-47:36